<?xml version="1.0" encoding="UTF-8"?>
<coverage generated="1753040675204" clover="3.2.0">
  <project timestamp="1753040675205" name="All files">
    <metrics statements="201" coveredstatements="135" conditionals="4030" coveredconditionals="635" methods="1396" coveredmethods="305" elements="5627" coveredelements="1075" complexity="0" loc="201" ncloc="201" packages="10" files="10" classes="10"/>
    <package name="src">
      <metrics statements="10" coveredstatements="9" conditionals="0" coveredconditionals="0" methods="1" coveredmethods="0"/>
      <file name="app.js" path="/home/diosquez/Intro/PokeAPI/src/app.js">
        <metrics statements="10" coveredstatements="9" conditionals="0" coveredconditionals="0" methods="1" coveredmethods="0"/>
        <line num="1" count="1" type="stmt"/>
        <line num="2" count="1" type="stmt"/>
        <line num="4" count="1" type="stmt"/>
        <line num="6" count="1" type="stmt"/>
        <line num="8" count="1" type="stmt"/>
        <line num="10" count="1" type="stmt"/>
        <line num="12" count="1" type="stmt"/>
        <line num="14" count="1" type="stmt"/>
        <line num="15" count="0" type="stmt"/>
        <line num="18" count="1" type="stmt"/>
      </file>
    </package>
    <package name="src.config">
      <metrics statements="6" coveredstatements="6" conditionals="0" coveredconditionals="0" methods="0" coveredmethods="0"/>
      <file name="swagger.js" path="/home/diosquez/Intro/PokeAPI/src/config/swagger.js">
        <metrics statements="6" coveredstatements="6" conditionals="0" coveredconditionals="0" methods="0" coveredmethods="0"/>
        <line num="1" count="1" type="stmt"/>
        <line num="2" count="1" type="stmt"/>
        <line num="3" count="1" type="stmt"/>
        <line num="5" count="1" type="stmt"/>
        <line num="24" count="1" type="stmt"/>
        <line num="26" count="1" type="stmt"/>
      </file>
    </package>
    <package name="src.controllers">
      <metrics statements="31" coveredstatements="11" conditionals="6" coveredconditionals="0" methods="5" coveredmethods="2"/>
      <file name="pokemonsController.js" path="/home/diosquez/Intro/PokeAPI/src/controllers/pokemonsController.js">
        <metrics statements="31" coveredstatements="11" conditionals="6" coveredconditionals="0" methods="5" coveredmethods="2"/>
        <line num="1" count="1" type="stmt"/>
        <line num="2" count="1" type="stmt"/>
        <line num="6" count="1" type="stmt"/>
        <line num="7" count="1" type="stmt"/>
        <line num="9" count="1" type="stmt"/>
        <line num="11" count="0" type="stmt"/>
        <line num="16" count="2" type="stmt"/>
        <line num="17" count="2" type="stmt"/>
        <line num="18" count="2" type="stmt"/>
        <line num="20" count="1" type="stmt"/>
        <line num="23" count="1" type="stmt"/>
        <line num="28" count="0" type="stmt"/>
        <line num="29" count="0" type="stmt"/>
        <line num="31" count="0" type="cond" truecount="0" falsecount="2"/>
        <line num="37" count="0" type="stmt"/>
        <line num="40" count="0" type="stmt"/>
        <line num="44" count="0" type="stmt"/>
        <line num="46" count="0" type="stmt"/>
        <line num="48" count="0" type="stmt"/>
        <line num="54" count="0" type="stmt"/>
        <line num="55" count="0" type="stmt"/>
        <line num="56" count="0" type="stmt"/>
        <line num="58" count="0" type="stmt"/>
        <line num="60" count="0" type="stmt"/>
        <line num="62" count="0" type="stmt"/>
        <line num="67" count="0" type="stmt"/>
        <line num="68" count="0" type="stmt"/>
        <line num="70" count="0" type="stmt"/>
        <line num="72" count="0" type="stmt"/>
        <line num="75" count="0" type="stmt"/>
        <line num="79" count="1" type="stmt"/>
      </file>
    </package>
    <package name="src.middlewares">
      <metrics statements="6" coveredstatements="6" conditionals="2" coveredconditionals="2" methods="1" coveredmethods="1"/>
      <file name="validateId.js" path="/home/diosquez/Intro/PokeAPI/src/middlewares/validateId.js">
        <metrics statements="6" coveredstatements="6" conditionals="2" coveredconditionals="2" methods="1" coveredmethods="1"/>
        <line num="2" count="3" type="stmt"/>
        <line num="4" count="3" type="cond" truecount="2" falsecount="0"/>
        <line num="5" count="1" type="stmt"/>
        <line num="11" count="2" type="stmt"/>
        <line num="12" count="2" type="stmt"/>
        <line num="15" count="1" type="stmt"/>
      </file>
    </package>
    <package name="src.models">
      <metrics statements="29" coveredstatements="10" conditionals="26" coveredconditionals="4" methods="5" coveredmethods="2"/>
      <file name="Pokemons.js" path="/home/diosquez/Intro/PokeAPI/src/models/Pokemons.js">
        <metrics statements="29" coveredstatements="10" conditionals="26" coveredconditionals="4" methods="5" coveredmethods="2"/>
        <line num="1" count="1" type="stmt"/>
        <line num="4" count="1" type="stmt"/>
        <line num="5" count="1" type="stmt"/>
        <line num="7" count="0" type="cond" truecount="0" falsecount="4"/>
        <line num="12" count="2" type="stmt"/>
        <line num="13" count="2" type="stmt"/>
        <line num="19" count="2" type="cond" truecount="2" falsecount="0"/>
        <line num="20" count="1" type="stmt"/>
        <line num="23" count="1" type="stmt"/>
        <line num="26" count="1" type="cond" truecount="2" falsecount="2"/>
        <line num="31" count="0" type="stmt"/>
        <line num="32" count="0" type="stmt"/>
        <line num="37" count="0" type="stmt"/>
        <line num="40" count="0" type="cond" truecount="0" falsecount="4"/>
        <line num="45" count="0" type="stmt"/>
        <line num="47" count="0" type="stmt"/>
        <line num="53" count="0" type="cond" truecount="0" falsecount="2"/>
        <line num="54" count="0" type="stmt"/>
        <line num="57" count="0" type="stmt"/>
        <line num="64" count="0" type="stmt"/>
        <line num="67" count="0" type="cond" truecount="0" falsecount="4"/>
        <line num="72" count="0" type="stmt"/>
        <line num="73" count="0" type="stmt"/>
        <line num="79" count="0" type="cond" truecount="0" falsecount="2"/>
        <line num="80" count="0" type="stmt"/>
        <line num="83" count="0" type="stmt"/>
        <line num="88" count="0" type="stmt"/>
        <line num="91" count="0" type="cond" truecount="0" falsecount="4"/>
        <line num="95" count="1" type="stmt"/>
      </file>
    </package>
    <package name="src.prisma">
      <metrics statements="3" coveredstatements="3" conditionals="0" coveredconditionals="0" methods="0" coveredmethods="0"/>
      <file name="prisma.js" path="/home/diosquez/Intro/PokeAPI/src/prisma/prisma.js">
        <metrics statements="3" coveredstatements="3" conditionals="0" coveredconditionals="0" methods="0" coveredmethods="0"/>
        <line num="1" count="1" type="stmt"/>
        <line num="2" count="1" type="stmt"/>
        <line num="3" count="1" type="stmt"/>
      </file>
    </package>
    <package name="src.prisma.generated.prisma">
      <metrics statements="54" coveredstatements="49" conditionals="8" coveredconditionals="4" methods="1" coveredmethods="0"/>
      <file name="index.js" path="/home/diosquez/Intro/PokeAPI/src/prisma/generated/prisma/index.js">
        <metrics statements="54" coveredstatements="49" conditionals="8" coveredconditionals="4" methods="1" coveredmethods="0"/>
        <line num="5" count="1" type="stmt"/>
        <line num="29" count="1" type="stmt"/>
        <line num="32" count="1" type="stmt"/>
        <line num="34" count="1" type="stmt"/>
        <line num="35" count="1" type="stmt"/>
        <line num="41" count="1" type="stmt"/>
        <line num="46" count="1" type="stmt"/>
        <line num="47" count="1" type="stmt"/>
        <line num="48" count="1" type="stmt"/>
        <line num="49" count="1" type="stmt"/>
        <line num="50" count="1" type="stmt"/>
        <line num="51" count="1" type="stmt"/>
        <line num="56" count="1" type="stmt"/>
        <line num="57" count="1" type="stmt"/>
        <line num="58" count="1" type="stmt"/>
        <line num="59" count="1" type="stmt"/>
        <line num="60" count="1" type="stmt"/>
        <line num="65" count="1" type="stmt"/>
        <line num="66" count="1" type="stmt"/>
        <line num="71" count="1" type="stmt"/>
        <line num="72" count="1" type="stmt"/>
        <line num="73" count="1" type="stmt"/>
        <line num="75" count="1" type="stmt"/>
        <line num="84" count="1" type="stmt"/>
        <line num="89" count="1" type="stmt"/>
        <line num="96" count="1" type="stmt"/>
        <line num="110" count="1" type="stmt"/>
        <line num="121" count="1" type="stmt"/>
        <line num="135" count="1" type="stmt"/>
        <line num="140" count="1" type="stmt"/>
        <line num="145" count="1" type="stmt"/>
        <line num="151" count="1" type="stmt"/>
        <line num="159" count="1" type="stmt"/>
        <line num="208" count="1" type="stmt"/>
        <line num="210" count="1" type="stmt"/>
        <line num="211" count="1" type="cond" truecount="1" falsecount="1"/>
        <line num="212" count="0" type="stmt"/>
        <line num="217" count="0" type="cond" truecount="0" falsecount="2"/>
        <line num="218" count="0" type="stmt"/>
        <line num="221" count="0" type="stmt"/>
        <line num="222" count="0" type="stmt"/>
        <line num="225" count="1" type="stmt"/>
        <line num="226" count="1" type="stmt"/>
        <line num="227" count="1" type="stmt"/>
        <line num="228" count="1" type="stmt"/>
        <line num="231" count="1" type="stmt"/>
        <line num="233" count="1" type="stmt"/>
        <line num="238" count="1" type="stmt"/>
        <line num="239" count="1" type="stmt"/>
        <line num="240" count="1" type="stmt"/>
        <line num="243" count="1" type="stmt"/>
        <line num="244" count="1" type="stmt"/>
        <line num="246" count="1" type="stmt"/>
        <line num="247" count="1" type="stmt"/>
      </file>
    </package>
    <package name="src.prisma.generated.prisma.runtime">
      <metrics statements="50" coveredstatements="29" conditionals="3984" coveredconditionals="623" methods="1382" coveredmethods="299"/>
      <file name="library.js" path="/home/diosquez/Intro/PokeAPI/src/prisma/generated/prisma/runtime/library.js">
        <metrics statements="50" coveredstatements="29" conditionals="3984" coveredconditionals="623" methods="1382" coveredmethods="299"/>
        <line num="4" count="981" type="cond" truecount="79" falsecount="97"/>
        <line num="5" count="12" type="cond" truecount="3" falsecount="1"/>
        <line num="6" count="38" type="cond" truecount="58" falsecount="132"/>
        <line num="7" count="21" type="cond" truecount="40" falsecount="150"/>
        <line num="8" count="1694" type="cond" truecount="17" falsecount="22"/>
        <line num="9" count="1" type="cond" truecount="60" falsecount="119"/>
        <line num="12" count="1" type="cond" truecount="1" falsecount="9"/>
        <line num="14" count="0" type="cond" truecount="0" falsecount="6"/>
        <line num="15" count="17" type="cond" truecount="14" falsecount="18"/>
        <line num="16" count="1" type="cond" truecount="2" falsecount="12"/>
        <line num="18" count="0" type="stmt"/>
        <line num="22" count="0" type="cond" truecount="0" falsecount="4"/>
        <line num="24" count="292" type="cond" truecount="112" falsecount="1243"/>
        <line num="25" count="0" type="stmt"/>
        <line num="26" count="0" type="stmt"/>
        <line num="27" count="0" type="stmt"/>
        <line num="28" count="1" type="cond" truecount="0" falsecount="40"/>
        <line num="29" count="1" type="cond" truecount="0" falsecount="39"/>
        <line num="30" count="1" type="cond" truecount="0" falsecount="75"/>
        <line num="31" count="3" type="cond" truecount="1" falsecount="135"/>
        <line num="32" count="50" type="cond" truecount="56" falsecount="246"/>
        <line num="33" count="1" type="stmt"/>
        <line num="34" count="38" type="cond" truecount="21" falsecount="246"/>
        <line num="36" count="1" type="cond" truecount="3" falsecount="11"/>
        <line num="38" count="0" type="stmt"/>
        <line num="39" count="0" type="stmt"/>
        <line num="40" count="0" type="stmt"/>
        <line num="45" count="0" type="stmt"/>
        <line num="46" count="0" type="cond" truecount="0" falsecount="2"/>
        <line num="48" count="0" type="stmt"/>
        <line num="55" count="0" type="stmt"/>
        <line num="60" count="0" type="stmt"/>
        <line num="67" count="1" type="cond" truecount="10" falsecount="21"/>
        <line num="68" count="0" type="stmt"/>
        <line num="69" count="1" type="cond" truecount="0" falsecount="7"/>
        <line num="72" count="0" type="stmt"/>
        <line num="104" count="0" type="stmt"/>
        <line num="113" count="1" type="cond" truecount="9" falsecount="100"/>
        <line num="114" count="6" type="cond" truecount="19" falsecount="165"/>
        <line num="115" count="3" type="cond" truecount="20" falsecount="36"/>
        <line num="116" count="1" type="cond" truecount="0" falsecount="29"/>
        <line num="117" count="1" type="cond" truecount="13" falsecount="61"/>
        <line num="124" count="25" type="cond" truecount="37" falsecount="110"/>
        <line num="125" count="1" type="cond" truecount="0" falsecount="14"/>
        <line num="126" count="0" type="cond" truecount="0" falsecount="6"/>
        <line num="127" count="0" type="cond" truecount="0" falsecount="2"/>
        <line num="128" count="0" type="cond" truecount="0" falsecount="16"/>
        <line num="129" count="0" type="cond" truecount="0" falsecount="78"/>
        <line num="133" count="3" type="cond" truecount="46" falsecount="95"/>
        <line num="134" count="1" type="cond" truecount="2" falsecount="10"/>
      </file>
    </package>
    <package name="src.utils">
      <metrics statements="2" coveredstatements="2" conditionals="4" coveredconditionals="2" methods="1" coveredmethods="1"/>
      <file name="sendError.js" path="/home/diosquez/Intro/PokeAPI/src/utils/sendError.js">
        <metrics statements="2" coveredstatements="2" conditionals="4" coveredconditionals="2" methods="1" coveredmethods="1"/>
        <line num="2" count="1" type="stmt"/>
        <line num="10" count="1" type="stmt"/>
      </file>
    </package>
    <package name="src.v2.routes">
      <metrics statements="10" coveredstatements="10" conditionals="0" coveredconditionals="0" methods="0" coveredmethods="0"/>
      <file name="pokemonsRoutes.js" path="/home/diosquez/Intro/PokeAPI/src/v2/routes/pokemonsRoutes.js">
        <metrics statements="10" coveredstatements="10" conditionals="0" coveredconditionals="0" methods="0" coveredmethods="0"/>
        <line num="1" count="1" type="stmt"/>
        <line num="2" count="1" type="stmt"/>
        <line num="4" count="1" type="stmt"/>
        <line num="5" count="1" type="stmt"/>
        <line num="47" count="1" type="stmt"/>
        <line num="71" count="1" type="stmt"/>
        <line num="96" count="1" type="stmt"/>
        <line num="121" count="1" type="stmt"/>
        <line num="154" count="1" type="stmt"/>
        <line num="156" count="1" type="stmt"/>
      </file>
    </package>
  </project>
</coverage>
